<?xml version="1.0" encoding="UTF-8"?>
<!-- Generated by org.testng.reporters.JUnitReportReporter -->
<testsuite hostname="DESKTOP-I7LQH1V" failures="0" tests="1" name="crossBrowsertest.FirefoxTest" time="46.459" errors="0" timestamp="2022-06-29T06:32:23 PDT" skipped="0">
  <testcase classname="crossBrowsertest.FirefoxTest" name="myMethod" time="46.459"/>
  <system-out/>
</testsuite> <!-- crossBrowsertest.FirefoxTest -->
